Error in <TFile::TFile>: file /eos/user/v/vyazykov/mtcp/friend_ntuples/output/friend/transformer-5-100-data-5000-batch-20-drop/nominal//mc16a/p4416/504330_AF.root does not exist
Error in <TFile::TFile>: file /eos/user/v/vyazykov/mtcp/friend_ntuples/output/friend/transformer-5-100-data-5000-batch-20-drop/nominal//mc16a/p4416/504330_AF.root does not exist
Warning in <TChain::AddFriend>: Unknown TChain nominal
Error in <TFile::TFile>: file /eos/user/v/vyazykov/mtcp/friend_ntuples/output/small/nominal//mc16a/p4416/504330_AF.root does not exist
Error in <TFile::TFile>: file /eos/user/v/vyazykov/mtcp/friend_ntuples/output/friend/transformer-5-100-data-5000-batch-20-drop/nominal//mc16a/p4416/504334_AF.root does not exist
Error in <TFile::TFile>: file /eos/user/v/vyazykov/mtcp/friend_ntuples/output/friend/transformer-5-100-data-5000-batch-20-drop/nominal//mc16a/p4416/504334_AF.root does not exist
Warning in <TChain::AddFriend>: Unknown TChain nominal
Error in <TFile::TFile>: file /eos/user/v/vyazykov/mtcp/friend_ntuples/output/small/nominal//mc16a/p4416/504334_AF.root does not exist
Error in <TFile::TFile>: file /eos/user/v/vyazykov/mtcp/friend_ntuples/output/friend/transformer-5-100-data-5000-batch-20-drop/nominal//mc16a/p4416/504342_AF.root does not exist
Error in <TFile::TFile>: file /eos/user/v/vyazykov/mtcp/friend_ntuples/output/friend/transformer-5-100-data-5000-batch-20-drop/nominal//mc16a/p4416/504342_AF.root does not exist
Warning in <TChain::AddFriend>: Unknown TChain nominal
Error in <TFile::TFile>: file /eos/user/v/vyazykov/mtcp/friend_ntuples/output/small/nominal//mc16a/p4416/504342_AF.root does not exist
Error in <TFile::TFile>: file /eos/user/v/vyazykov/mtcp/friend_ntuples/output/friend/transformer-5-100-data-5000-batch-20-drop/nominal//mc16d/p4416/504330_AF.root does not exist
Error in <TFile::TFile>: file /eos/user/v/vyazykov/mtcp/friend_ntuples/output/friend/transformer-5-100-data-5000-batch-20-drop/nominal//mc16d/p4416/504330_AF.root does not exist
Warning in <TChain::AddFriend>: Unknown TChain nominal
Error in <TFile::TFile>: file /eos/user/v/vyazykov/mtcp/friend_ntuples/output/small/nominal//mc16d/p4416/504330_AF.root does not exist
Error in <TFile::TFile>: file /eos/user/v/vyazykov/mtcp/friend_ntuples/output/friend/transformer-5-100-data-5000-batch-20-drop/nominal//mc16d/p4416/504334_AF.root does not exist
Error in <TFile::TFile>: file /eos/user/v/vyazykov/mtcp/friend_ntuples/output/friend/transformer-5-100-data-5000-batch-20-drop/nominal//mc16d/p4416/504334_AF.root does not exist
Warning in <TChain::AddFriend>: Unknown TChain nominal
Error in <TFile::TFile>: file /eos/user/v/vyazykov/mtcp/friend_ntuples/output/small/nominal//mc16d/p4416/504334_AF.root does not exist
Error in <TFile::TFile>: file /eos/user/v/vyazykov/mtcp/friend_ntuples/output/friend/transformer-5-100-data-5000-batch-20-drop/nominal//mc16d/p4416/504342_AF.root does not exist
Error in <TFile::TFile>: file /eos/user/v/vyazykov/mtcp/friend_ntuples/output/friend/transformer-5-100-data-5000-batch-20-drop/nominal//mc16d/p4416/504342_AF.root does not exist
Warning in <TChain::AddFriend>: Unknown TChain nominal
Error in <TFile::TFile>: file /eos/user/v/vyazykov/mtcp/friend_ntuples/output/small/nominal//mc16d/p4416/504342_AF.root does not exist
Error in <TFile::TFile>: file /eos/user/v/vyazykov/mtcp/friend_ntuples/output/friend/transformer-5-100-data-5000-batch-20-drop/nominal//mc16e/p4416/504330_AF.root does not exist
Error in <TFile::TFile>: file /eos/user/v/vyazykov/mtcp/friend_ntuples/output/friend/transformer-5-100-data-5000-batch-20-drop/nominal//mc16e/p4416/504330_AF.root does not exist
Warning in <TChain::AddFriend>: Unknown TChain nominal
Error in <TFile::TFile>: file /eos/user/v/vyazykov/mtcp/friend_ntuples/output/small/nominal//mc16e/p4416/504330_AF.root does not exist
Error in <TFile::TFile>: file /eos/user/v/vyazykov/mtcp/friend_ntuples/output/friend/transformer-5-100-data-5000-batch-20-drop/nominal//mc16e/p4416/504334_AF.root does not exist
Error in <TFile::TFile>: file /eos/user/v/vyazykov/mtcp/friend_ntuples/output/friend/transformer-5-100-data-5000-batch-20-drop/nominal//mc16e/p4416/504334_AF.root does not exist
Warning in <TChain::AddFriend>: Unknown TChain nominal
Error in <TFile::TFile>: file /eos/user/v/vyazykov/mtcp/friend_ntuples/output/small/nominal//mc16e/p4416/504334_AF.root does not exist
Error in <TFile::TFile>: file /eos/user/v/vyazykov/mtcp/friend_ntuples/output/friend/transformer-5-100-data-5000-batch-20-drop/nominal//mc16e/p4416/504342_AF.root does not exist
Error in <TFile::TFile>: file /eos/user/v/vyazykov/mtcp/friend_ntuples/output/friend/transformer-5-100-data-5000-batch-20-drop/nominal//mc16e/p4416/504342_AF.root does not exist
Warning in <TChain::AddFriend>: Unknown TChain nominal
Error in <TFile::TFile>: file /eos/user/v/vyazykov/mtcp/friend_ntuples/output/small/nominal//mc16e/p4416/504342_AF.root does not exist
Info in <TCanvas::Print>: pdf file ./outputs/probs-sys/Systematics/Dummy/probs-ttH_ttH_Dummy.pdf has been created
Info in <TCanvas::Print>: png file ./outputs/probs-sys/Systematics/Dummy/probs-ttH_ttH_Dummy.png has been created
Info in <TCanvas::Print>: pdf file ./outputs/probs-sys/Systematics/PLIV_El_Stat_Tight/probs-ttH_ttH_PLIV_El_Stat_Tight.pdf has been created
Info in <TCanvas::Print>: png file ./outputs/probs-sys/Systematics/PLIV_El_Stat_Tight/probs-ttH_ttH_PLIV_El_Stat_Tight.png has been created
Info in <TCanvas::Print>: pdf file ./outputs/probs-sys/Systematics/PLIV_El_JetModeling_Tight/probs-ttH_ttH_PLIV_El_JetModeling_Tight.pdf has been created
Info in <TCanvas::Print>: png file ./outputs/probs-sys/Systematics/PLIV_El_JetModeling_Tight/probs-ttH_ttH_PLIV_El_JetModeling_Tight.png has been created
Info in <TCanvas::Print>: pdf file ./outputs/probs-sys/Systematics/PLIV_El_TemplateCut_Tight/probs-ttH_ttH_PLIV_El_TemplateCut_Tight.pdf has been created
Info in <TCanvas::Print>: png file ./outputs/probs-sys/Systematics/PLIV_El_TemplateCut_Tight/probs-ttH_ttH_PLIV_El_TemplateCut_Tight.png has been created
Info in <TCanvas::Print>: pdf file ./outputs/probs-sys/Systematics/PLIV_El_MllWindow_Tight/probs-ttH_ttH_PLIV_El_MllWindow_Tight.pdf has been created
Info in <TCanvas::Print>: png file ./outputs/probs-sys/Systematics/PLIV_El_MllWindow_Tight/probs-ttH_ttH_PLIV_El_MllWindow_Tight.png has been created
Info in <TCanvas::Print>: pdf file ./outputs/probs-sys/Systematics/PLIV_El_ID_Tight/probs-ttH_ttH_PLIV_El_ID_Tight.pdf has been created
Info in <TCanvas::Print>: png file ./outputs/probs-sys/Systematics/PLIV_El_ID_Tight/probs-ttH_ttH_PLIV_El_ID_Tight.png has been created
Info in <TCanvas::Print>: pdf file ./outputs/probs-sys/Systematics/PLIV_El_Iso_Tight/probs-ttH_ttH_PLIV_El_Iso_Tight.pdf has been created
Info in <TCanvas::Print>: png file ./outputs/probs-sys/Systematics/PLIV_El_Iso_Tight/probs-ttH_ttH_PLIV_El_Iso_Tight.png has been created
Info in <TCanvas::Print>: pdf file ./outputs/probs-sys/Systematics/PLIV_El_Pileup_Tight/probs-ttH_ttH_PLIV_El_Pileup_Tight.pdf has been created
Info in <TCanvas::Print>: png file ./outputs/probs-sys/Systematics/PLIV_El_Pileup_Tight/probs-ttH_ttH_PLIV_El_Pileup_Tight.png has been created
Info in <TCanvas::Print>: pdf file ./outputs/probs-sys/Systematics/PLIV_El_Stat_Tight/probs-ttH_ttW_PLIV_El_Stat_Tight.pdf has been created
Info in <TCanvas::Print>: png file ./outputs/probs-sys/Systematics/PLIV_El_Stat_Tight/probs-ttH_ttW_PLIV_El_Stat_Tight.png has been created
Info in <TCanvas::Print>: pdf file ./outputs/probs-sys/Systematics/PLIV_El_JetModeling_Tight/probs-ttH_ttW_PLIV_El_JetModeling_Tight.pdf has been created
Info in <TCanvas::Print>: png file ./outputs/probs-sys/Systematics/PLIV_El_JetModeling_Tight/probs-ttH_ttW_PLIV_El_JetModeling_Tight.png has been created
Info in <TCanvas::Print>: pdf file ./outputs/probs-sys/Systematics/PLIV_El_TemplateCut_Tight/probs-ttH_ttW_PLIV_El_TemplateCut_Tight.pdf has been created
Info in <TCanvas::Print>: png file ./outputs/probs-sys/Systematics/PLIV_El_TemplateCut_Tight/probs-ttH_ttW_PLIV_El_TemplateCut_Tight.png has been created
Info in <TCanvas::Print>: pdf file ./outputs/probs-sys/Systematics/PLIV_El_MllWindow_Tight/probs-ttH_ttW_PLIV_El_MllWindow_Tight.pdf has been created
Info in <TCanvas::Print>: png file ./outputs/probs-sys/Systematics/PLIV_El_MllWindow_Tight/probs-ttH_ttW_PLIV_El_MllWindow_Tight.png has been created
Info in <TCanvas::Print>: pdf file ./outputs/probs-sys/Systematics/PLIV_El_ID_Tight/probs-ttH_ttW_PLIV_El_ID_Tight.pdf has been created
Info in <TCanvas::Print>: png file ./outputs/probs-sys/Systematics/PLIV_El_ID_Tight/probs-ttH_ttW_PLIV_El_ID_Tight.png has been created
Info in <TCanvas::Print>: pdf file ./outputs/probs-sys/Systematics/PLIV_El_Iso_Tight/probs-ttH_ttW_PLIV_El_Iso_Tight.pdf has been created
Info in <TCanvas::Print>: png file ./outputs/probs-sys/Systematics/PLIV_El_Iso_Tight/probs-ttH_ttW_PLIV_El_Iso_Tight.png has been created
Info in <TCanvas::Print>: pdf file ./outputs/probs-sys/Systematics/PLIV_El_Pileup_Tight/probs-ttH_ttW_PLIV_El_Pileup_Tight.pdf has been created
Info in <TCanvas::Print>: png file ./outputs/probs-sys/Systematics/PLIV_El_Pileup_Tight/probs-ttH_ttW_PLIV_El_Pileup_Tight.png has been created
Info in <TCanvas::Print>: pdf file ./outputs/probs-sys/Systematics/PLIV_El_Stat_Tight/probs-ttH_ttW_EW_PLIV_El_Stat_Tight.pdf has been created
Info in <TCanvas::Print>: png file ./outputs/probs-sys/Systematics/PLIV_El_Stat_Tight/probs-ttH_ttW_EW_PLIV_El_Stat_Tight.png has been created
Info in <TCanvas::Print>: pdf file ./outputs/probs-sys/Systematics/PLIV_El_JetModeling_Tight/probs-ttH_ttW_EW_PLIV_El_JetModeling_Tight.pdf has been created
Info in <TCanvas::Print>: png file ./outputs/probs-sys/Systematics/PLIV_El_JetModeling_Tight/probs-ttH_ttW_EW_PLIV_El_JetModeling_Tight.png has been created
Info in <TCanvas::Print>: pdf file ./outputs/probs-sys/Systematics/PLIV_El_TemplateCut_Tight/probs-ttH_ttW_EW_PLIV_El_TemplateCut_Tight.pdf has been created
Info in <TCanvas::Print>: png file ./outputs/probs-sys/Systematics/PLIV_El_TemplateCut_Tight/probs-ttH_ttW_EW_PLIV_El_TemplateCut_Tight.png has been created
Info in <TCanvas::Print>: pdf file ./outputs/probs-sys/Systematics/PLIV_El_MllWindow_Tight/probs-ttH_ttW_EW_PLIV_El_MllWindow_Tight.pdf has been created
Info in <TCanvas::Print>: png file ./outputs/probs-sys/Systematics/PLIV_El_MllWindow_Tight/probs-ttH_ttW_EW_PLIV_El_MllWindow_Tight.png has been created
Info in <TCanvas::Print>: pdf file ./outputs/probs-sys/Systematics/PLIV_El_ID_Tight/probs-ttH_ttW_EW_PLIV_El_ID_Tight.pdf has been created
Info in <TCanvas::Print>: png file ./outputs/probs-sys/Systematics/PLIV_El_ID_Tight/probs-ttH_ttW_EW_PLIV_El_ID_Tight.png has been created
Info in <TCanvas::Print>: pdf file ./outputs/probs-sys/Systematics/PLIV_El_Iso_Tight/probs-ttH_ttW_EW_PLIV_El_Iso_Tight.pdf has been created
Info in <TCanvas::Print>: png file ./outputs/probs-sys/Systematics/PLIV_El_Iso_Tight/probs-ttH_ttW_EW_PLIV_El_Iso_Tight.png has been created
Info in <TCanvas::Print>: pdf file ./outputs/probs-sys/Systematics/PLIV_El_Pileup_Tight/probs-ttH_ttW_EW_PLIV_El_Pileup_Tight.pdf has been created
Info in <TCanvas::Print>: png file ./outputs/probs-sys/Systematics/PLIV_El_Pileup_Tight/probs-ttH_ttW_EW_PLIV_El_Pileup_Tight.png has been created
Info in <TCanvas::Print>: pdf file ./outputs/probs-sys/Systematics/PLIV_El_Stat_Tight/probs-ttH_ttZ_PLIV_El_Stat_Tight.pdf has been created
Info in <TCanvas::Print>: png file ./outputs/probs-sys/Systematics/PLIV_El_Stat_Tight/probs-ttH_ttZ_PLIV_El_Stat_Tight.png has been created
Info in <TCanvas::Print>: pdf file ./outputs/probs-sys/Systematics/PLIV_El_JetModeling_Tight/probs-ttH_ttZ_PLIV_El_JetModeling_Tight.pdf has been created
Info in <TCanvas::Print>: png file ./outputs/probs-sys/Systematics/PLIV_El_JetModeling_Tight/probs-ttH_ttZ_PLIV_El_JetModeling_Tight.png has been created
Info in <TCanvas::Print>: pdf file ./outputs/probs-sys/Systematics/PLIV_El_TemplateCut_Tight/probs-ttH_ttZ_PLIV_El_TemplateCut_Tight.pdf has been created
Info in <TCanvas::Print>: png file ./outputs/probs-sys/Systematics/PLIV_El_TemplateCut_Tight/probs-ttH_ttZ_PLIV_El_TemplateCut_Tight.png has been created
Info in <TCanvas::Print>: pdf file ./outputs/probs-sys/Systematics/PLIV_El_MllWindow_Tight/probs-ttH_ttZ_PLIV_El_MllWindow_Tight.pdf has been created
Info in <TCanvas::Print>: png file ./outputs/probs-sys/Systematics/PLIV_El_MllWindow_Tight/probs-ttH_ttZ_PLIV_El_MllWindow_Tight.png has been created
Info in <TCanvas::Print>: pdf file ./outputs/probs-sys/Systematics/PLIV_El_ID_Tight/probs-ttH_ttZ_PLIV_El_ID_Tight.pdf has been created
Info in <TCanvas::Print>: png file ./outputs/probs-sys/Systematics/PLIV_El_ID_Tight/probs-ttH_ttZ_PLIV_El_ID_Tight.png has been created
Info in <TCanvas::Print>: pdf file ./outputs/probs-sys/Systematics/PLIV_El_Iso_Tight/probs-ttH_ttZ_PLIV_El_Iso_Tight.pdf has been created
Info in <TCanvas::Print>: png file ./outputs/probs-sys/Systematics/PLIV_El_Iso_Tight/probs-ttH_ttZ_PLIV_El_Iso_Tight.png has been created
Info in <TCanvas::Print>: pdf file ./outputs/probs-sys/Systematics/PLIV_El_Pileup_Tight/probs-ttH_ttZ_PLIV_El_Pileup_Tight.pdf has been created
Info in <TCanvas::Print>: png file ./outputs/probs-sys/Systematics/PLIV_El_Pileup_Tight/probs-ttH_ttZ_PLIV_El_Pileup_Tight.png has been created
Info in <Minuit2>: MnSeedGenerator Initial state: FCN =      0.9189385332 Edm =   4.196249676e-16 NCalls =      5
Info in <Minuit2>: VariableMetricBuilder Start iterating until Edm is < 1e-05 with call limit = 500
Info in <Minuit2>: VariableMetricBuilder    0 - FCN =      0.9189385332 Edm =   4.196249676e-16 NCalls =      5
Info in <Minuit2>: VariableMetricBuilder    1 - FCN =      0.9189385332 Edm =   1.439128936e-16 NCalls =      8
Info in <Minuit2>: VariableMetricBuilder After Hessian
Info in <Minuit2>: VariableMetricBuilder    2 - FCN =      0.9189385332 Edm =   4.218337373e-16 NCalls =     15
Info in <Minuit2>: Minuit2Minimizer::Hesse Using max-calls 500
Info in <Minuit2>: Minuit2Minimizer::Hesse Hesse is valid - matrix is accurate
Info in <Minuit2>: MnMinos Determination of lower Minos error for parameter 0
Info in <Minuit2>: MnFunctionCross Run Migrad with fixed parameters:
  Pos 0: mu_ttH = 0.59691
Info in <Minuit2>: MnSeedGenerator Initial state: FCN =       1.502608548 Edm =                 0 NCalls =      1
Warning in <Minuit2>: VariableMetricBuilder No free parameters.
Info in <Minuit2>: MnFunctionCross Result after Migrad FCN =       1.502608548 Edm =       1.502608548 NCalls =      1 
  Pos |    Name    |  type   |      Value       |    Error +/-
    0 |     mu_ttH |  fixed  |      0.596909655 | 0.4030903333
Info in <Minuit2>: MnFunctionCross Run Migrad again (2nd) with fixed parameters:
  Pos 0: mu_ttH = 0.626919
Info in <Minuit2>: MnSeedGenerator Initial state: FCN =       1.412306248 Edm =                 0 NCalls =      1
Warning in <Minuit2>: VariableMetricBuilder No free parameters.
Info in <Minuit2>: MnFunctionCross Result after 2nd Migrad FCN =       1.412306248 Edm =       1.412306248 NCalls =      1 
  Pos |    Name    |  type   |      Value       |    Error +/-
    0 |     mu_ttH |  fixed  |     0.6269185057 | 0.4030903333
Info in <Minuit2>: MnFunctionCross Run Migrad again (3rd) with fixed parameters:
  Pos 0: mu_ttH = 0.624714
Info in <Minuit2>: MnSeedGenerator Initial state: FCN =       1.418638046 Edm =                 0 NCalls =      1
Warning in <Minuit2>: VariableMetricBuilder No free parameters.
Info in <Minuit2>: MnFunctionCross Result after Migrad (3rd): FCN =       1.418638046 Edm =       1.418638046 NCalls =      1 
  Pos |    Name    |  type   |      Value       |    Error +/-
    0 |     mu_ttH |  fixed  |     0.6247144946 | 0.4030903333
Info in <Minuit2>: MnMinos end of Minos scan for low interval for parameter mu_ttH
Info in <Minuit2>: MnMinos Determination of upper Minos error for parameter 0
Info in <Minuit2>: MnFunctionCross Run Migrad with fixed parameters:
  Pos 0: mu_ttH = 1.40309
Info in <Minuit2>: MnSeedGenerator Initial state: FCN =       1.354775866 Edm =                 0 NCalls =      1
Warning in <Minuit2>: VariableMetricBuilder No free parameters.
Info in <Minuit2>: MnFunctionCross Result after Migrad FCN =       1.354775866 Edm =       1.354775866 NCalls =      1 
  Pos |    Name    |  type   |      Value       |    Error +/-
    0 |     mu_ttH |  fixed  |      1.403090322 | 0.4030903333
Info in <Minuit2>: MnFunctionCross Run Migrad again (2nd) with fixed parameters:
  Pos 0: mu_ttH = 1.43174
Info in <Minuit2>: MnSeedGenerator Initial state: FCN =       1.414703219 Edm =                 0 NCalls =      1
Warning in <Minuit2>: VariableMetricBuilder No free parameters.
Info in <Minuit2>: MnFunctionCross Result after 2nd Migrad FCN =       1.414703219 Edm =       1.414703219 NCalls =      1 
  Pos |    Name    |  type   |      Value       |    Error +/-
    0 |     mu_ttH |  fixed  |      1.431742855 | 0.4030903333
Info in <Minuit2>: MnMinos end of Minos scan for up interval for parameter mu_ttH
Info in <TCanvas::Print>: pdf file ./outputs/probs-sys/NormFactors.pdf has been created
Info in <TCanvas::Print>: png file ./outputs/probs-sys/NormFactors.png has been created
Error in <TGaxis::PaintAxis>: wmin (-0.000000) == wmax (0.000000)
Info in <TCanvas::Print>: pdf file ./outputs/probs-sys/Ranking_mu_ttH.pdf has been created
Error in <TGaxis::PaintAxis>: wmin (-0.000000) == wmax (0.000000)
Info in <TCanvas::Print>: png file ./outputs/probs-sys/Ranking_mu_ttH.png has been created
Info in <TCanvas::Print>: pdf file ./outputs/probs-sys/Plots/probs-ttH.pdf has been created
Info in <TCanvas::Print>: png file ./outputs/probs-sys/Plots/probs-ttH.png has been created
Warning in <TFile::Append>: Replacing existing TH1: ttH (Potential memory leak).
Warning in <TFile::Append>: Replacing existing TH1: ttW (Potential memory leak).
Warning in <TFile::Append>: Replacing existing TH1: ttW_EW (Potential memory leak).
Warning in <TFile::Append>: Replacing existing TH1: ttZ (Potential memory leak).
Info in <TCanvas::Print>: pdf file ./outputs/probs-sys/Plots/Summary.pdf has been created
Info in <TCanvas::Print>: png file ./outputs/probs-sys/Plots/Summary.png has been created
Warning in <TFile::Append>: Replacing existing TH1: ttH (Potential memory leak).
Warning in <TFile::Append>: Replacing existing TH1: ttW (Potential memory leak).
Warning in <TFile::Append>: Replacing existing TH1: ttW_EW (Potential memory leak).
Warning in <TFile::Append>: Replacing existing TH1: ttZ (Potential memory leak).
Info in <TCanvas::Print>: pdf file ./outputs/probs-sys/Plots/Summary_VR.pdf has been created
Info in <TCanvas::Print>: png file ./outputs/probs-sys/Plots/Summary_VR.png has been created
Info in <TCanvas::Print>: pdf file ./outputs/probs-sys/SignalRegions.pdf has been created
Info in <TCanvas::Print>: png file ./outputs/probs-sys/SignalRegions.png has been created
Info in <TCanvas::Print>: pdf file ./outputs/probs-sys/PieChart.pdf has been created
Info in <TCanvas::Print>: png file ./outputs/probs-sys/PieChart.png has been created
